2, 1024, 8
cudaMalloc Execution time: 1 milliseconds
gpu_output_sum 58691584, cpu_sum 58691584 
default malloc-free test PASSED
992 , 0x206959520
993 , 0x206959540
994 , 0x206959560
995 , 0x206959580
996 , 0x2069595a0
997 , 0x2069595c0
998 , 0x2069595e0
999 , 0x206959600
1000 , 0x206959620
1001 , 0x206959640
1002 , 0x206959660
1003 , 0x206959680
1004 , 0x2069596a0
1005 , 0x2069596c0
1006 , 0x2069596e0
1007 , 0x206959700
1008 , 0x206959720
1009 , 0x206959740
1010 , 0x206959760
1011 , 0x206959780
1012 , 0x2069597a0
1013 , 0x2069597c0
1014 , 0x2069597e0
1015 , 0x206959800
1016 , 0x206959820
1017 , 0x206959840
1018 , 0x206959860
1019 , 0x206959880
1020 , 0x2069598a0
1021 , 0x2069598c0
1022 , 0x2069598e0
1023 , 0x206959900
1984 , 0x206961120
1985 , 0x206961140
1986 , 0x206961160
1987 , 0x206961180
1988 , 0x2069611a0
1989 , 0x2069611c0
1990 , 0x2069611e0
1991 , 0x206961200
1992 , 0x206961220
1993 , 0x206961240
1994 , 0x206961260
1995 , 0x206961280
1996 , 0x2069612a0
1997 , 0x2069612c0
1998 , 0x2069612e0
1999 , 0x206961300
2000 , 0x206961320
2001 , 0x206961340
2002 , 0x206961360
2003 , 0x206961380
2004 , 0x2069613a0
2005 , 0x2069613c0
2006 , 0x2069613e0
2007 , 0x206961400
2008 , 0x206961420
2009 , 0x206961440
2010 , 0x206961460
2011 , 0x206961480
2012 , 0x2069614a0
2013 , 0x2069614c0
2014 , 0x2069614e0
2015 , 0x206961500
832 , 0x206958120
833 , 0x206958140
834 , 0x206958160
835 , 0x206958180
836 , 0x2069581a0
837 , 0x2069581c0
838 , 0x2069581e0
839 , 0x206958200
840 , 0x206958220
841 , 0x206958240
842 , 0x206958260
843 , 0x206958280
844 , 0x2069582a0
845 , 0x2069582c0
846 , 0x2069582e0
847 , 0x206958300
848 , 0x206958320
849 , 0x206958340
850 , 0x206958360
851 , 0x206958380
852 , 0x2069583a0
853 , 0x2069583c0
854 , 0x2069583e0
855 , 0x206958400
856 , 0x206958420
857 , 0x206958440
858 , 0x206958460
859 , 0x206958480
860 , 0x2069584a0
861 , 0x2069584c0
862 , 0x2069584e0
863 , 0x206958500
768 , 0x206957920
769 , 0x206957940
770 , 0x206957960
771 , 0x206957980
772 , 0x2069579a0
773 , 0x2069579c0
774 , 0x2069579e0
775 , 0x206957a00
776 , 0x206957a20
777 , 0x206957a40
778 , 0x206957a60
779 , 0x206957a80
780 , 0x206957aa0
781 , 0x206957ac0
782 , 0x206957ae0
783 , 0x206957b00
784 , 0x206957b20
785 , 0x206957b40
786 , 0x206957b60
787 , 0x206957b80
788 , 0x206957ba0
789 , 0x206957bc0
790 , 0x206957be0
791 , 0x206957c00
792 , 0x206957c20
793 , 0x206957c40
794 , 0x206957c60
795 , 0x206957c80
796 , 0x206957ca0
797 , 0x206957cc0
798 , 0x206957ce0
799 , 0x206957d00
960 , 0x206959120
961 , 0x206959140
962 , 0x206959160
963 , 0x206959180
964 , 0x2069591a0
965 , 0x2069591c0
966 , 0x2069591e0
967 , 0x206959200
968 , 0x206959220
969 , 0x206959240
970 , 0x206959260
971 , 0x206959280
972 , 0x2069592a0
973 , 0x2069592c0
974 , 0x2069592e0
975 , 0x206959300
976 , 0x206959320
977 , 0x206959340
978 , 0x206959360
979 , 0x206959380
980 , 0x2069593a0
981 , 0x2069593c0
982 , 0x2069593e0
983 , 0x206959400
984 , 0x206959420
985 , 0x206959440
986 , 0x206959460
987 , 0x206959480
988 , 0x2069594a0
989 , 0x2069594c0
990 , 0x2069594e0
991 , 0x206959500
1888 , 0x206960520
1889 , 0x206960540
1890 , 0x206960560
1891 , 0x206960580
1892 , 0x2069605a0
1893 , 0x2069605c0
1894 , 0x2069605e0
1895 , 0x206960600
1896 , 0x206960620
1897 , 0x206960640
1898 , 0x206960660
1899 , 0x206960680
1900 , 0x2069606a0
1901 , 0x2069606c0
1902 , 0x2069606e0
1903 , 0x206960700
1904 , 0x206960720
1905 , 0x206960740
1906 , 0x206960760
1907 , 0x206960780
1908 , 0x2069607a0
1909 , 0x2069607c0
1910 , 0x2069607e0
1911 , 0x206960800
1912 , 0x206960820
1913 , 0x206960840
1914 , 0x206960860
1915 , 0x206960880
1916 , 0x2069608a0
1917 , 0x2069608c0
1918 , 0x2069608e0
1919 , 0x206960900
1728 , 0x20695f120
1729 , 0x20695f140
1730 , 0x20695f160
1731 , 0x20695f180
1732 , 0x20695f1a0
1733 , 0x20695f1c0
1734 , 0x20695f1e0
1735 , 0x20695f200
1736 , 0x20695f220
1737 , 0x20695f240
1738 , 0x20695f260
1739 , 0x20695f280
1740 , 0x20695f2a0
1741 , 0x20695f2c0
1742 , 0x20695f2e0
1743 , 0x20695f300
1744 , 0x20695f320
1745 , 0x20695f340
1746 , 0x20695f360
1747 , 0x20695f380
1748 , 0x20695f3a0
1749 , 0x20695f3c0
1750 , 0x20695f3e0
1751 , 0x20695f400
1752 , 0x20695f420
1753 , 0x20695f440
1754 , 0x20695f460
1755 , 0x20695f480
1756 , 0x20695f4a0
1757 , 0x20695f4c0
1758 , 0x20695f4e0
1759 , 0x20695f500
1952 , 0x206960d20
1953 , 0x206960d40
1954 , 0x206960d60
1955 , 0x206960d80
1956 , 0x206960da0
1957 , 0x206960dc0
1958 , 0x206960de0
1959 , 0x206960e00
1960 , 0x206960e20
1961 , 0x206960e40
1962 , 0x206960e60
1963 , 0x206960e80
1964 , 0x206960ea0
1965 , 0x206960ec0
1966 , 0x206960ee0
1967 , 0x206960f00
1968 , 0x206960f20
1969 , 0x206960f40
1970 , 0x206960f60
1971 , 0x206960f80
1972 , 0x206960fa0
1973 , 0x206960fc0
1974 , 0x206960fe0
1975 , 0x206961000
1976 , 0x206961020
1977 , 0x206961040
1978 , 0x206961060
1979 , 0x206961080
1980 , 0x2069610a0
1981 , 0x2069610c0
1982 , 0x2069610e0
1983 , 0x206961100
608 , 0x206956520
609 , 0x206956540
610 , 0x206956560
611 , 0x206956580
612 , 0x2069565a0
613 , 0x2069565c0
614 , 0x2069565e0
615 , 0x206956600
616 , 0x206956620
617 , 0x206956640
618 , 0x206956660
619 , 0x206956680
620 , 0x2069566a0
621 , 0x2069566c0
622 , 0x2069566e0
623 , 0x206956700
624 , 0x206956720
625 , 0x206956740
626 , 0x206956760
627 , 0x206956780
628 , 0x2069567a0
629 , 0x2069567c0
630 , 0x2069567e0
631 , 0x206956800
632 , 0x206956820
633 , 0x206956840
634 , 0x206956860
635 , 0x206956880
636 , 0x2069568a0
637 , 0x2069568c0
638 , 0x2069568e0
639 , 0x206956900
896 , 0x206958920
897 , 0x206958940
898 , 0x206958960
899 , 0x206958980
900 , 0x2069589a0
901 , 0x2069589c0
902 , 0x2069589e0
903 , 0x206958a00
904 , 0x206958a20
905 , 0x206958a40
906 , 0x206958a60
907 , 0x206958a80
908 , 0x206958aa0
909 , 0x206958ac0
910 , 0x206958ae0
911 , 0x206958b00
912 , 0x206958b20
913 , 0x206958b40
914 , 0x206958b60
915 , 0x206958b80
916 , 0x206958ba0
917 , 0x206958bc0
918 , 0x206958be0
919 , 0x206958c00
920 , 0x206958c20
921 , 0x206958c40
922 , 0x206958c60
923 , 0x206958c80
924 , 0x206958ca0
925 , 0x206958cc0
926 , 0x206958ce0
927 , 0x206958d00
1600 , 0x20695e120
1601 , 0x20695e140
1602 , 0x20695e160
1603 , 0x20695e180
1604 , 0x20695e1a0
1605 , 0x20695e1c0
1606 , 0x20695e1e0
1607 , 0x20695e200
1608 , 0x20695e220
1609 , 0x20695e240
1610 , 0x20695e260
1611 , 0x20695e280
1612 , 0x20695e2a0
1613 , 0x20695e2c0
1614 , 0x20695e2e0
1615 , 0x20695e300
1616 , 0x20695e320
1617 , 0x20695e340
1618 , 0x20695e360
1619 , 0x20695e380
1620 , 0x20695e3a0
1621 , 0x20695e3c0
1622 , 0x20695e3e0
1623 , 0x20695e400
1624 , 0x20695e420
1625 , 0x20695e440
1626 , 0x20695e460
1627 , 0x20695e480
1628 , 0x20695e4a0
1629 , 0x20695e4c0
1630 , 0x20695e4e0
1631 , 0x20695e500
1568 , 0x20695dd20
1569 , 0x20695dd40
1570 , 0x20695dd60
1571 , 0x20695dd80
1572 , 0x20695dda0
1573 , 0x20695ddc0
1574 , 0x20695dde0
1575 , 0x20695de00
1576 , 0x20695de20
1577 , 0x20695de40
1578 , 0x20695de60
1579 , 0x20695de80
1580 , 0x20695dea0
1581 , 0x20695dec0
1582 , 0x20695dee0
1583 , 0x20695df00
1584 , 0x20695df20
1585 , 0x20695df40
1586 , 0x20695df60
1587 , 0x20695df80
1588 , 0x20695dfa0
1589 , 0x20695dfc0
1590 , 0x20695dfe0
1591 , 0x20695e000
1592 , 0x20695e020
1593 , 0x20695e040
1594 , 0x20695e060
1595 , 0x20695e080
1596 , 0x20695e0a0
1597 , 0x20695e0c0
1598 , 0x20695e0e0
1599 , 0x20695e100
576 , 0x206956120
577 , 0x206956140
578 , 0x206956160
579 , 0x206956180
580 , 0x2069561a0
581 , 0x2069561c0
582 , 0x2069561e0
583 , 0x206956200
584 , 0x206956220
585 , 0x206956240
586 , 0x206956260
587 , 0x206956280
588 , 0x2069562a0
589 , 0x2069562c0
590 , 0x2069562e0
591 , 0x206956300
592 , 0x206956320
593 , 0x206956340
594 , 0x206956360
595 , 0x206956380
596 , 0x2069563a0
597 , 0x2069563c0
598 , 0x2069563e0
599 , 0x206956400
600 , 0x206956420
601 , 0x206956440
602 , 0x206956460
603 , 0x206956480
604 , 0x2069564a0
605 , 0x2069564c0
606 , 0x2069564e0
607 , 0x206956500
1792 , 0x20695f920
1793 , 0x20695f940
1794 , 0x20695f960
1795 , 0x20695f980
1796 , 0x20695f9a0
1797 , 0x20695f9c0
1798 , 0x20695f9e0
1799 , 0x20695fa00
1800 , 0x20695fa20
1801 , 0x20695fa40
1802 , 0x20695fa60
1803 , 0x20695fa80
1804 , 0x20695faa0
1805 , 0x20695fac0
1806 , 0x20695fae0
1807 , 0x20695fb00
1808 , 0x20695fb20
1809 , 0x20695fb40
1810 , 0x20695fb60
1811 , 0x20695fb80
1812 , 0x20695fba0
1813 , 0x20695fbc0
1814 , 0x20695fbe0
1815 , 0x20695fc00
1816 , 0x20695fc20
1817 , 0x20695fc40
1818 , 0x20695fc60
1819 , 0x20695fc80
1820 , 0x20695fca0
1821 , 0x20695fcc0
1822 , 0x20695fce0
1823 , 0x20695fd00
864 , 0x206958520
865 , 0x206958540
866 , 0x206958560
867 , 0x206958580
868 , 0x2069585a0
869 , 0x2069585c0
870 , 0x2069585e0
871 , 0x206958600
872 , 0x206958620
873 , 0x206958640
874 , 0x206958660
875 , 0x206958680
876 , 0x2069586a0
877 , 0x2069586c0
878 , 0x2069586e0
879 , 0x206958700
880 , 0x206958720
881 , 0x206958740
882 , 0x206958760
883 , 0x206958780
884 , 0x2069587a0
885 , 0x2069587c0
886 , 0x2069587e0
887 , 0x206958800
888 , 0x206958820
889 , 0x206958840
890 , 0x206958860
891 , 0x206958880
892 , 0x2069588a0
893 , 0x2069588c0
894 , 0x2069588e0
895 , 0x206958900
1856 , 0x206960120
1857 , 0x206960140
1858 , 0x206960160
1859 , 0x206960180
1860 , 0x2069601a0
1861 , 0x2069601c0
1862 , 0x2069601e0
1863 , 0x206960200
1864 , 0x206960220
1865 , 0x206960240
1866 , 0x206960260
1867 , 0x206960280
1868 , 0x2069602a0
1869 , 0x2069602c0
1870 , 0x2069602e0
1871 , 0x206960300
1872 , 0x206960320
1873 , 0x206960340
1874 , 0x206960360
1875 , 0x206960380
1876 , 0x2069603a0
1877 , 0x2069603c0
1878 , 0x2069603e0
1879 , 0x206960400
1880 , 0x206960420
1881 , 0x206960440
1882 , 0x206960460
1883 , 0x206960480
1884 , 0x2069604a0
1885 , 0x2069604c0
1886 , 0x2069604e0
1887 , 0x206960500
1696 , 0x20695ed20
1697 , 0x20695ed40
1698 , 0x20695ed60
1699 , 0x20695ed80
1700 , 0x20695eda0
1701 , 0x20695edc0
1702 , 0x20695ede0
1703 , 0x20695ee00
1704 , 0x20695ee20
1705 , 0x20695ee40
1706 , 0x20695ee60
1707 , 0x20695ee80
1708 , 0x20695eea0
1709 , 0x20695eec0
1710 , 0x20695eee0
1711 , 0x20695ef00
1712 , 0x20695ef20
1713 , 0x20695ef40
1714 , 0x20695ef60
1715 , 0x20695ef80
1716 , 0x20695efa0
1717 , 0x20695efc0
1718 , 0x20695efe0
1719 , 0x20695f000
1720 , 0x20695f020
1721 , 0x20695f040
1722 , 0x20695f060
1723 , 0x20695f080
1724 , 0x20695f0a0
1725 , 0x20695f0c0
1726 , 0x20695f0e0
1727 , 0x20695f100
1632 , 0x20695e520
1633 , 0x20695e540
1634 , 0x20695e560
1635 , 0x20695e580
1636 , 0x20695e5a0
1637 , 0x20695e5c0
1638 , 0x20695e5e0
1639 , 0x20695e600
1640 , 0x20695e620
1641 , 0x20695e640
1642 , 0x20695e660
1643 , 0x20695e680
1644 , 0x20695e6a0
1645 , 0x20695e6c0
1646 , 0x20695e6e0
1647 , 0x20695e700
1648 , 0x20695e720
1649 , 0x20695e740
1650 , 0x20695e760
1651 , 0x20695e780
1652 , 0x20695e7a0
1653 , 0x20695e7c0
1654 , 0x20695e7e0
1655 , 0x20695e800
1656 , 0x20695e820
1657 , 0x20695e840
1658 , 0x20695e860
1659 , 0x20695e880
1660 , 0x20695e8a0
1661 , 0x20695e8c0
1662 , 0x20695e8e0
1663 , 0x20695e900
480 , 0x206955520
481 , 0x206955540
482 , 0x206955560
483 , 0x206955580
484 , 0x2069555a0
485 , 0x2069555c0
486 , 0x2069555e0
487 , 0x206955600
488 , 0x206955620
489 , 0x206955640
490 , 0x206955660
491 , 0x206955680
492 , 0x2069556a0
493 , 0x2069556c0
494 , 0x2069556e0
495 , 0x206955700
496 , 0x206955720
497 , 0x206955740
498 , 0x206955760
499 , 0x206955780
500 , 0x2069557a0
501 , 0x2069557c0
502 , 0x2069557e0
503 , 0x206955800
504 , 0x206955820
505 , 0x206955840
506 , 0x206955860
507 , 0x206955880
508 , 0x2069558a0
509 , 0x2069558c0
510 , 0x2069558e0
511 , 0x206955900
800 , 0x206957d20
801 , 0x206957d40
802 , 0x206957d60
803 , 0x206957d80
804 , 0x206957da0
805 , 0x206957dc0
806 , 0x206957de0
807 , 0x206957e00
808 , 0x206957e20
809 , 0x206957e40
810 , 0x206957e60
811 , 0x206957e80
812 , 0x206957ea0
813 , 0x206957ec0
814 , 0x206957ee0
815 , 0x206957f00
816 , 0x206957f20
817 , 0x206957f40
818 , 0x206957f60
819 , 0x206957f80
820 , 0x206957fa0
821 , 0x206957fc0
822 , 0x206957fe0
823 , 0x206958000
824 , 0x206958020
825 , 0x206958040
826 , 0x206958060
827 , 0x206958080
828 , 0x2069580a0
829 , 0x2069580c0
830 , 0x2069580e0
831 , 0x206958100
1920 , 0x206960920
1921 , 0x206960940
1922 , 0x206960960
1923 , 0x206960980
1924 , 0x2069609a0
1925 , 0x2069609c0
1926 , 0x2069609e0
1927 , 0x206960a00
1928 , 0x206960a20
1929 , 0x206960a40
1930 , 0x206960a60
1931 , 0x206960a80
1932 , 0x206960aa0
1933 , 0x206960ac0
1934 , 0x206960ae0
1935 , 0x206960b00
1936 , 0x206960b20
1937 , 0x206960b40
1938 , 0x206960b60
1939 , 0x206960b80
1940 , 0x206960ba0
1941 , 0x206960bc0
1942 , 0x206960be0
1943 , 0x206960c00
1944 , 0x206960c20
1945 , 0x206960c40
1946 , 0x206960c60
1947 , 0x206960c80
1948 , 0x206960ca0
1949 , 0x206960cc0
1950 , 0x206960ce0
1951 , 0x206960d00
2016 , 0x206961520
2017 , 0x206961540
2018 , 0x206961560
2019 , 0x206961580
2020 , 0x2069615a0
2021 , 0x2069615c0
2022 , 0x2069615e0
2023 , 0x206961600
2024 , 0x206961620
2025 , 0x206961640
2026 , 0x206961660
2027 , 0x206961680
2028 , 0x2069616a0
2029 , 0x2069616c0
2030 , 0x2069616e0
2031 , 0x206961700
2032 , 0x206961720
2033 , 0x206961740
2034 , 0x206961760
2035 , 0x206961780
2036 , 0x2069617a0
2037 , 0x2069617c0
2038 , 0x2069617e0
2039 , 0x206961800
2040 , 0x206961820
2041 , 0x206961840
2042 , 0x206961860
2043 , 0x206961880
2044 , 0x2069618a0
2045 , 0x2069618c0
2046 , 0x2069618e0
2047 , 0x206961900
1824 , 0x20695fd20
1825 , 0x20695fd40
1826 , 0x20695fd60
1827 , 0x20695fd80
1828 , 0x20695fda0
1829 , 0x20695fdc0
1830 , 0x20695fde0
1831 , 0x20695fe00
1832 , 0x20695fe20
1833 , 0x20695fe40
1834 , 0x20695fe60
1835 , 0x20695fe80
1836 , 0x20695fea0
1837 , 0x20695fec0
1838 , 0x20695fee0
1839 , 0x20695ff00
1840 , 0x20695ff20
1841 , 0x20695ff40
1842 , 0x20695ff60
1843 , 0x20695ff80
1844 , 0x20695ffa0
1845 , 0x20695ffc0
1846 , 0x20695ffe0
1847 , 0x206960000
1848 , 0x206960020
1849 , 0x206960040
1850 , 0x206960060
1851 , 0x206960080
1852 , 0x2069600a0
1853 , 0x2069600c0
1854 , 0x2069600e0
1855 , 0x206960100
384 , 0x206954920
385 , 0x206954940
386 , 0x206954960
387 , 0x206954980
388 , 0x2069549a0
389 , 0x2069549c0
390 , 0x2069549e0
391 , 0x206954a00
392 , 0x206954a20
393 , 0x206954a40
394 , 0x206954a60
395 , 0x206954a80
396 , 0x206954aa0
397 , 0x206954ac0
398 , 0x206954ae0
399 , 0x206954b00
400 , 0x206954b20
401 , 0x206954b40
402 , 0x206954b60
403 , 0x206954b80
404 , 0x206954ba0
405 , 0x206954bc0
406 , 0x206954be0
407 , 0x206954c00
408 , 0x206954c20
409 , 0x206954c40
410 , 0x206954c60
411 , 0x206954c80
412 , 0x206954ca0
413 , 0x206954cc0
414 , 0x206954ce0
415 , 0x206954d00
224 , 0x206953520
225 , 0x206953540
226 , 0x206953560
227 , 0x206953580
228 , 0x2069535a0
229 , 0x2069535c0
230 , 0x2069535e0
231 , 0x206953600
232 , 0x206953620
233 , 0x206953640
234 , 0x206953660
235 , 0x206953680
236 , 0x2069536a0
237 , 0x2069536c0
238 , 0x2069536e0
239 , 0x206953700
240 , 0x206953720
241 , 0x206953740
242 , 0x206953760
243 , 0x206953780
244 , 0x2069537a0
245 , 0x2069537c0
246 , 0x2069537e0
247 , 0x206953800
248 , 0x206953820
249 , 0x206953840
250 , 0x206953860
251 , 0x206953880
252 , 0x2069538a0
253 , 0x2069538c0
254 , 0x2069538e0
255 , 0x206953900
1760 , 0x20695f520
1761 , 0x20695f540
1762 , 0x20695f560
1763 , 0x20695f580
1764 , 0x20695f5a0
1765 , 0x20695f5c0
1766 , 0x20695f5e0
1767 , 0x20695f600
1768 , 0x20695f620
1769 , 0x20695f640
1770 , 0x20695f660
1771 , 0x20695f680
1772 , 0x20695f6a0
1773 , 0x20695f6c0
1774 , 0x20695f6e0
1775 , 0x20695f700
1776 , 0x20695f720
1777 , 0x20695f740
1778 , 0x20695f760
1779 , 0x20695f780
1780 , 0x20695f7a0
1781 , 0x20695f7c0
1782 , 0x20695f7e0
1783 , 0x20695f800
1784 , 0x20695f820
1785 , 0x20695f840
1786 , 0x20695f860
1787 , 0x20695f880
1788 , 0x20695f8a0
1789 , 0x20695f8c0
1790 , 0x20695f8e0
1791 , 0x20695f900
192 , 0x206953120
193 , 0x206953140
194 , 0x206953160
195 , 0x206953180
196 , 0x2069531a0
197 , 0x2069531c0
198 , 0x2069531e0
199 , 0x206953200
200 , 0x206953220
201 , 0x206953240
202 , 0x206953260
203 , 0x206953280
204 , 0x2069532a0
205 , 0x2069532c0
206 , 0x2069532e0
207 , 0x206953300
208 , 0x206953320
209 , 0x206953340
210 , 0x206953360
211 , 0x206953380
212 , 0x2069533a0
213 , 0x2069533c0
214 , 0x2069533e0
215 , 0x206953400
216 , 0x206953420
217 , 0x206953440
218 , 0x206953460
219 , 0x206953480
220 , 0x2069534a0
221 , 0x2069534c0
222 , 0x2069534e0
223 , 0x206953500
1440 , 0x20695cd20
1441 , 0x20695cd40
1442 , 0x20695cd60
1443 , 0x20695cd80
1444 , 0x20695cda0
1445 , 0x20695cdc0
1446 , 0x20695cde0
1447 , 0x20695ce00
1448 , 0x20695ce20
1449 , 0x20695ce40
1450 , 0x20695ce60
1451 , 0x20695ce80
1452 , 0x20695cea0
1453 , 0x20695cec0
1454 , 0x20695cee0
1455 , 0x20695cf00
1456 , 0x20695cf20
1457 , 0x20695cf40
1458 , 0x20695cf60
1459 , 0x20695cf80
1460 , 0x20695cfa0
1461 , 0x20695cfc0
1462 , 0x20695cfe0
1463 , 0x20695d000
1464 , 0x20695d020
1465 , 0x20695d040
1466 , 0x20695d060
1467 , 0x20695d080
1468 , 0x20695d0a0
1469 , 0x20695d0c0
1470 , 0x20695d0e0
1471 , 0x20695d100
352 , 0x206954520
353 , 0x206954540
354 , 0x206954560
355 , 0x206954580
356 , 0x2069545a0
357 , 0x2069545c0
358 , 0x2069545e0
359 , 0x206954600
360 , 0x206954620
361 , 0x206954640
362 , 0x206954660
363 , 0x206954680
364 , 0x2069546a0
365 , 0x2069546c0
366 , 0x2069546e0
367 , 0x206954700
368 , 0x206954720
369 , 0x206954740
370 , 0x206954760
371 , 0x206954780
372 , 0x2069547a0
373 , 0x2069547c0
374 , 0x2069547e0
375 , 0x206954800
376 , 0x206954820
377 , 0x206954840
378 , 0x206954860
379 , 0x206954880
380 , 0x2069548a0
381 , 0x2069548c0
382 , 0x2069548e0
383 , 0x206954900
1280 , 0x20695b920
1281 , 0x20695b940
1282 , 0x20695b960
1283 , 0x20695b980
1284 , 0x20695b9a0
1285 , 0x20695b9c0
1286 , 0x20695b9e0
1287 , 0x20695ba00
1288 , 0x20695ba20
1289 , 0x20695ba40
1290 , 0x20695ba60
1291 , 0x20695ba80
1292 , 0x20695baa0
1293 , 0x20695bac0
1294 , 0x20695bae0
1295 , 0x20695bb00
1296 , 0x20695bb20
1297 , 0x20695bb40
1298 , 0x20695bb60
1299 , 0x20695bb80
1300 , 0x20695bba0
1301 , 0x20695bbc0
1302 , 0x20695bbe0
1303 , 0x20695bc00
1304 , 0x20695bc20
1305 , 0x20695bc40
1306 , 0x20695bc60
1307 , 0x20695bc80
1308 , 0x20695bca0
1309 , 0x20695bcc0
1310 , 0x20695bce0
1311 , 0x20695bd00
1312 , 0x20695bd20
1313 , 0x20695bd40
1314 , 0x20695bd60
1315 , 0x20695bd80
1316 , 0x20695bda0
1317 , 0x20695bdc0
1318 , 0x20695bde0
1319 , 0x20695be00
1320 , 0x20695be20
1321 , 0x20695be40
1322 , 0x20695be60
1323 , 0x20695be80
1324 , 0x20695bea0
1325 , 0x20695bec0
1326 , 0x20695bee0
1327 , 0x20695bf00
1328 , 0x20695bf20
1329 , 0x20695bf40
1330 , 0x20695bf60
1331 , 0x20695bf80
1332 , 0x20695bfa0
1333 , 0x20695bfc0
1334 , 0x20695bfe0
1335 , 0x20695c000
1336 , 0x20695c020
1337 , 0x20695c040
1338 , 0x20695c060
1339 , 0x20695c080
1340 , 0x20695c0a0
1341 , 0x20695c0c0
1342 , 0x20695c0e0
1343 , 0x20695c100
928 , 0x206958d20
929 , 0x206958d40
930 , 0x206958d60
931 , 0x206958d80
932 , 0x206958da0
933 , 0x206958dc0
934 , 0x206958de0
935 , 0x206958e00
936 , 0x206958e20
937 , 0x206958e40
938 , 0x206958e60
939 , 0x206958e80
940 , 0x206958ea0
941 , 0x206958ec0
942 , 0x206958ee0
943 , 0x206958f00
944 , 0x206958f20
945 , 0x206958f40
946 , 0x206958f60
947 , 0x206958f80
948 , 0x206958fa0
949 , 0x206958fc0
950 , 0x206958fe0
951 , 0x206959000
952 , 0x206959020
953 , 0x206959040
954 , 0x206959060
955 , 0x206959080
956 , 0x2069590a0
957 , 0x2069590c0
958 , 0x2069590e0
959 , 0x206959100
672 , 0x206956d20
673 , 0x206956d40
674 , 0x206956d60
675 , 0x206956d80
676 , 0x206956da0
677 , 0x206956dc0
678 , 0x206956de0
679 , 0x206956e00
680 , 0x206956e20
681 , 0x206956e40
682 , 0x206956e60
683 , 0x206956e80
684 , 0x206956ea0
685 , 0x206956ec0
686 , 0x206956ee0
687 , 0x206956f00
688 , 0x206956f20
689 , 0x206956f40
690 , 0x206956f60
691 , 0x206956f80
692 , 0x206956fa0
693 , 0x206956fc0
694 , 0x206956fe0
695 , 0x206957000
696 , 0x206957020
697 , 0x206957040
698 , 0x206957060
699 , 0x206957080
700 , 0x2069570a0
701 , 0x2069570c0
702 , 0x2069570e0
703 , 0x206957100
1504 , 0x20695d520
1505 , 0x20695d540
1506 , 0x20695d560
1507 , 0x20695d580
1508 , 0x20695d5a0
1509 , 0x20695d5c0
1510 , 0x20695d5e0
1511 , 0x20695d600
1512 , 0x20695d620
1513 , 0x20695d640
1514 , 0x20695d660
1515 , 0x20695d680
1516 , 0x20695d6a0
1517 , 0x20695d6c0
1518 , 0x20695d6e0
1519 , 0x20695d700
1520 , 0x20695d720
1521 , 0x20695d740
1522 , 0x20695d760
1523 , 0x20695d780
1524 , 0x20695d7a0
1525 , 0x20695d7c0
1526 , 0x20695d7e0
1527 , 0x20695d800
1528 , 0x20695d820
1529 , 0x20695d840
1530 , 0x20695d860
1531 , 0x20695d880
1532 , 0x20695d8a0
1533 , 0x20695d8c0
1534 , 0x20695d8e0
1535 , 0x20695d900
96 , 0x206952520
97 , 0x206952540
98 , 0x206952560
99 , 0x206952580
100 , 0x2069525a0
101 , 0x2069525c0
102 , 0x2069525e0
103 , 0x206952600
104 , 0x206952620
105 , 0x206952640
106 , 0x206952660
107 , 0x206952680
108 , 0x2069526a0
109 , 0x2069526c0
110 , 0x2069526e0
111 , 0x206952700
112 , 0x206952720
113 , 0x206952740
114 , 0x206952760
115 , 0x206952780
116 , 0x2069527a0
117 , 0x2069527c0
118 , 0x2069527e0
119 , 0x206952800
120 , 0x206952820
121 , 0x206952840
122 , 0x206952860
123 , 0x206952880
124 , 0x2069528a0
125 , 0x2069528c0
126 , 0x2069528e0
127 , 0x206952900
544 , 0x206955d20
545 , 0x206955d40
546 , 0x206955d60
547 , 0x206955d80
548 , 0x206955da0
549 , 0x206955dc0
550 , 0x206955de0
551 , 0x206955e00
552 , 0x206955e20
553 , 0x206955e40
554 , 0x206955e60
555 , 0x206955e80
556 , 0x206955ea0
557 , 0x206955ec0
558 , 0x206955ee0
559 , 0x206955f00
560 , 0x206955f20
561 , 0x206955f40
562 , 0x206955f60
563 , 0x206955f80
564 , 0x206955fa0
565 , 0x206955fc0
566 , 0x206955fe0
567 , 0x206956000
568 , 0x206956020
569 , 0x206956040
570 , 0x206956060
571 , 0x206956080
572 , 0x2069560a0
573 , 0x2069560c0
574 , 0x2069560e0
575 , 0x206956100
1184 , 0x20695ad20
1185 , 0x20695ad40
1186 , 0x20695ad60
1187 , 0x20695ad80
1188 , 0x20695ada0
1189 , 0x20695adc0
1190 , 0x20695ade0
1191 , 0x20695ae00
1192 , 0x20695ae20
1193 , 0x20695ae40
1194 , 0x20695ae60
1195 , 0x20695ae80
1196 , 0x20695aea0
1197 , 0x20695aec0
1198 , 0x20695aee0
1199 , 0x20695af00
1200 , 0x20695af20
1201 , 0x20695af40
1202 , 0x20695af60
1203 , 0x20695af80
1204 , 0x20695afa0
1205 , 0x20695afc0
1206 , 0x20695afe0
1207 , 0x20695b000
1208 , 0x20695b020
1209 , 0x20695b040
1210 , 0x20695b060
1211 , 0x20695b080
1212 , 0x20695b0a0
1213 , 0x20695b0c0
1214 , 0x20695b0e0
1215 , 0x20695b100
1120 , 0x20695a520
1121 , 0x20695a540
1122 , 0x20695a560
1123 , 0x20695a580
1124 , 0x20695a5a0
1125 , 0x20695a5c0
1126 , 0x20695a5e0
1127 , 0x20695a600
1128 , 0x20695a620
1129 , 0x20695a640
1130 , 0x20695a660
1131 , 0x20695a680
1132 , 0x20695a6a0
1133 , 0x20695a6c0
1134 , 0x20695a6e0
1135 , 0x20695a700
1136 , 0x20695a720
1137 , 0x20695a740
1138 , 0x20695a760
1139 , 0x20695a780
1140 , 0x20695a7a0
1141 , 0x20695a7c0
1142 , 0x20695a7e0
1143 , 0x20695a800
1144 , 0x20695a820
1145 , 0x20695a840
1146 , 0x20695a860
1147 , 0x20695a880
1148 , 0x20695a8a0
1149 , 0x20695a8c0
1150 , 0x20695a8e0
1151 , 0x20695a900
1024 , 0x206959920
1025 , 0x206959940
1026 , 0x206959960
1027 , 0x206959980
1028 , 0x2069599a0
1029 , 0x2069599c0
1030 , 0x2069599e0
1031 , 0x206959a00
1032 , 0x206959a20
1033 , 0x206959a40
1034 , 0x206959a60
1035 , 0x206959a80
1036 , 0x206959aa0
1037 , 0x206959ac0
1038 , 0x206959ae0
1039 , 0x206959b00
1040 , 0x206959b20
1041 , 0x206959b40
1042 , 0x206959b60
1043 , 0x206959b80
1044 , 0x206959ba0
1045 , 0x206959bc0
1046 , 0x206959be0
1047 , 0x206959c00
1048 , 0x206959c20
1049 , 0x206959c40
1050 , 0x206959c60
1051 , 0x206959c80
1052 , 0x206959ca0
1053 , 0x206959cc0
1054 , 0x206959ce0
1055 , 0x206959d00
1376 , 0x20695c520
1377 , 0x20695c540
1378 , 0x20695c560
1379 , 0x20695c580
1380 , 0x20695c5a0
1381 , 0x20695c5c0
1382 , 0x20695c5e0
1383 , 0x20695c600
1384 , 0x20695c620
1385 , 0x20695c640
1386 , 0x20695c660
1387 , 0x20695c680
1388 , 0x20695c6a0
1389 , 0x20695c6c0
1390 , 0x20695c6e0
1391 , 0x20695c700
1392 , 0x20695c720
1393 , 0x20695c740
1394 , 0x20695c760
1395 , 0x20695c780
1396 , 0x20695c7a0
1397 , 0x20695c7c0
1398 , 0x20695c7e0
1399 , 0x20695c800
1400 , 0x20695c820
1401 , 0x20695c840
1402 , 0x20695c860
1403 , 0x20695c880
1404 , 0x20695c8a0
1405 , 0x20695c8c0
1406 , 0x20695c8e0
1407 , 0x20695c900
0 , 0x206951920
1 , 0x206951940
2 , 0x206951960
3 , 0x206951980
4 , 0x2069519a0
5 , 0x2069519c0
6 , 0x2069519e0
7 , 0x206951a00
8 , 0x206951a20
9 , 0x206951a40
10 , 0x206951a60
11 , 0x206951a80
12 , 0x206951aa0
13 , 0x206951ac0
14 , 0x206951ae0
15 , 0x206951b00
16 , 0x206951b20
17 , 0x206951b40
18 , 0x206951b60
19 , 0x206951b80
20 , 0x206951ba0
21 , 0x206951bc0
22 , 0x206951be0
23 , 0x206951c00
24 , 0x206951c20
25 , 0x206951c40
26 , 0x206951c60
27 , 0x206951c80
28 , 0x206951ca0
29 , 0x206951cc0
30 , 0x206951ce0
31 , 0x206951d00
1216 , 0x20695b120
1217 , 0x20695b140
1218 , 0x20695b160
1219 , 0x20695b180
1220 , 0x20695b1a0
1221 , 0x20695b1c0
1222 , 0x20695b1e0
1223 , 0x20695b200
1224 , 0x20695b220
1225 , 0x20695b240
1226 , 0x20695b260
1227 , 0x20695b280
1228 , 0x20695b2a0
1229 , 0x20695b2c0
1230 , 0x20695b2e0
1231 , 0x20695b300
1232 , 0x20695b320
1233 , 0x20695b340
1234 , 0x20695b360
1235 , 0x20695b380
1236 , 0x20695b3a0
1237 , 0x20695b3c0
1238 , 0x20695b3e0
1239 , 0x20695b400
1240 , 0x20695b420
1241 , 0x20695b440
1242 , 0x20695b460
1243 , 0x20695b480
1244 , 0x20695b4a0
1245 , 0x20695b4c0
1246 , 0x20695b4e0
1247 , 0x20695b500
1472 , 0x20695d120
1473 , 0x20695d140
1474 , 0x20695d160
1475 , 0x20695d180
1476 , 0x20695d1a0
1477 , 0x20695d1c0
1478 , 0x20695d1e0
1479 , 0x20695d200
1480 , 0x20695d220
1481 , 0x20695d240
1482 , 0x20695d260
1483 , 0x20695d280
1484 , 0x20695d2a0
1485 , 0x20695d2c0
1486 , 0x20695d2e0
1487 , 0x20695d300
1488 , 0x20695d320
1489 , 0x20695d340
1490 , 0x20695d360
1491 , 0x20695d380
1492 , 0x20695d3a0
1493 , 0x20695d3c0
1494 , 0x20695d3e0
1495 , 0x20695d400
1496 , 0x20695d420
1497 , 0x20695d440
1498 , 0x20695d460
1499 , 0x20695d480
1500 , 0x20695d4a0
1501 , 0x20695d4c0
1502 , 0x20695d4e0
1503 , 0x20695d500
288 , 0x206953d20
289 , 0x206953d40
290 , 0x206953d60
291 , 0x206953d80
292 , 0x206953da0
293 , 0x206953dc0
294 , 0x206953de0
295 , 0x206953e00
296 , 0x206953e20
297 , 0x206953e40
298 , 0x206953e60
299 , 0x206953e80
300 , 0x206953ea0
301 , 0x206953ec0
302 , 0x206953ee0
303 , 0x206953f00
304 , 0x206953f20
305 , 0x206953f40
306 , 0x206953f60
307 , 0x206953f80
308 , 0x206953fa0
309 , 0x206953fc0
310 , 0x206953fe0
311 , 0x206954000
312 , 0x206954020
313 , 0x206954040
314 , 0x206954060
315 , 0x206954080
316 , 0x2069540a0
317 , 0x2069540c0
318 , 0x2069540e0
319 , 0x206954100
1664 , 0x20695e920
1665 , 0x20695e940
1666 , 0x20695e960
1667 , 0x20695e980
1668 , 0x20695e9a0
1669 , 0x20695e9c0
1670 , 0x20695e9e0
1671 , 0x20695ea00
1672 , 0x20695ea20
1673 , 0x20695ea40
1674 , 0x20695ea60
1675 , 0x20695ea80
1676 , 0x20695eaa0
1677 , 0x20695eac0
1678 , 0x20695eae0
1679 , 0x20695eb00
1680 , 0x20695eb20
1681 , 0x20695eb40
1682 , 0x20695eb60
1683 , 0x20695eb80
1684 , 0x20695eba0
1685 , 0x20695ebc0
1686 , 0x20695ebe0
1687 , 0x20695ec00
1688 , 0x20695ec20
1689 , 0x20695ec40
1690 , 0x20695ec60
1691 , 0x20695ec80
1692 , 0x20695eca0
1693 , 0x20695ecc0
1694 , 0x20695ece0
1695 , 0x20695ed00
1344 , 0x20695c120
1345 , 0x20695c140
1346 , 0x20695c160
1347 , 0x20695c180
1348 , 0x20695c1a0
1349 , 0x20695c1c0
1350 , 0x20695c1e0
1351 , 0x20695c200
1352 , 0x20695c220
1353 , 0x20695c240
1354 , 0x20695c260
1355 , 0x20695c280
1356 , 0x20695c2a0
1357 , 0x20695c2c0
1358 , 0x20695c2e0
1359 , 0x20695c300
1360 , 0x20695c320
1361 , 0x20695c340
1362 , 0x20695c360
1363 , 0x20695c380
1364 , 0x20695c3a0
1365 , 0x20695c3c0
1366 , 0x20695c3e0
1367 , 0x20695c400
1368 , 0x20695c420
1369 , 0x20695c440
1370 , 0x20695c460
1371 , 0x20695c480
1372 , 0x20695c4a0
1373 , 0x20695c4c0
1374 , 0x20695c4e0
1375 , 0x20695c500
1536 , 0x20695d920
1537 , 0x20695d940
1538 , 0x20695d960
1539 , 0x20695d980
1540 , 0x20695d9a0
1541 , 0x20695d9c0
1542 , 0x20695d9e0
1543 , 0x20695da00
1544 , 0x20695da20
1545 , 0x20695da40
1546 , 0x20695da60
1547 , 0x20695da80
1548 , 0x20695daa0
1549 , 0x20695dac0
1550 , 0x20695dae0
1551 , 0x20695db00
1552 , 0x20695db20
1553 , 0x20695db40
1554 , 0x20695db60
1555 , 0x20695db80
1556 , 0x20695dba0
1557 , 0x20695dbc0
1558 , 0x20695dbe0
1559 , 0x20695dc00
1560 , 0x20695dc20
1561 , 0x20695dc40
1562 , 0x20695dc60
1563 , 0x20695dc80
1564 , 0x20695dca0
1565 , 0x20695dcc0
1566 , 0x20695dce0
1567 , 0x20695dd00
1408 , 0x20695c920
1409 , 0x20695c940
1410 , 0x20695c960
1411 , 0x20695c980
1412 , 0x20695c9a0
1413 , 0x20695c9c0
1414 , 0x20695c9e0
1415 , 0x20695ca00
1416 , 0x20695ca20
1417 , 0x20695ca40
1418 , 0x20695ca60
1419 , 0x20695ca80
1420 , 0x20695caa0
1421 , 0x20695cac0
1422 , 0x20695cae0
1423 , 0x20695cb00
1424 , 0x20695cb20
1425 , 0x20695cb40
1426 , 0x20695cb60
1427 , 0x20695cb80
1428 , 0x20695cba0
1429 , 0x20695cbc0
1430 , 0x20695cbe0
1431 , 0x20695cc00
1432 , 0x20695cc20
1433 , 0x20695cc40
1434 , 0x20695cc60
1435 , 0x20695cc80
1436 , 0x20695cca0
1437 , 0x20695ccc0
1438 , 0x20695cce0
1439 , 0x20695cd00
1152 , 0x20695a920
1153 , 0x20695a940
1154 , 0x20695a960
1155 , 0x20695a980
1156 , 0x20695a9a0
1157 , 0x20695a9c0
1158 , 0x20695a9e0
1159 , 0x20695aa00
1160 , 0x20695aa20
1161 , 0x20695aa40
1162 , 0x20695aa60
1163 , 0x20695aa80
1164 , 0x20695aaa0
1165 , 0x20695aac0
1166 , 0x20695aae0
1167 , 0x20695ab00
1168 , 0x20695ab20
1169 , 0x20695ab40
1170 , 0x20695ab60
1171 , 0x20695ab80
1172 , 0x20695aba0
1173 , 0x20695abc0
1174 , 0x20695abe0
1175 , 0x20695ac00
1176 , 0x20695ac20
1177 , 0x20695ac40
1178 , 0x20695ac60
1179 , 0x20695ac80
1180 , 0x20695aca0
1181 , 0x20695acc0
1182 , 0x20695ace0
1183 , 0x20695ad00
1248 , 0x20695b520
1249 , 0x20695b540
1250 , 0x20695b560
1251 , 0x20695b580
1252 , 0x20695b5a0
1253 , 0x20695b5c0
1254 , 0x20695b5e0
1255 , 0x20695b600
1256 , 0x20695b620
1257 , 0x20695b640
1258 , 0x20695b660
1259 , 0x20695b680
1260 , 0x20695b6a0
1261 , 0x20695b6c0
1262 , 0x20695b6e0
1263 , 0x20695b700
1264 , 0x20695b720
1265 , 0x20695b740
1266 , 0x20695b760
1267 , 0x20695b780
1268 , 0x20695b7a0
1269 , 0x20695b7c0
1270 , 0x20695b7e0
1271 , 0x20695b800
1272 , 0x20695b820
1273 , 0x20695b840
1274 , 0x20695b860
1275 , 0x20695b880
1276 , 0x20695b8a0
1277 , 0x20695b8c0
1278 , 0x20695b8e0
1279 , 0x20695b900
1088 , 0x20695a120
1089 , 0x20695a140
1090 , 0x20695a160
1091 , 0x20695a180
1092 , 0x20695a1a0
1093 , 0x20695a1c0
1094 , 0x20695a1e0
1095 , 0x20695a200
1096 , 0x20695a220
1097 , 0x20695a240
1098 , 0x20695a260
1099 , 0x20695a280
1100 , 0x20695a2a0
1101 , 0x20695a2c0
1102 , 0x20695a2e0
1103 , 0x20695a300
1104 , 0x20695a320
1105 , 0x20695a340
1106 , 0x20695a360
1107 , 0x20695a380
1108 , 0x20695a3a0
1109 , 0x20695a3c0
1110 , 0x20695a3e0
1111 , 0x20695a400
1112 , 0x20695a420
1113 , 0x20695a440
1114 , 0x20695a460
1115 , 0x20695a480
1116 , 0x20695a4a0
1117 , 0x20695a4c0
1118 , 0x20695a4e0
1119 , 0x20695a500
1056 , 0x206959d20
1057 , 0x206959d40
1058 , 0x206959d60
1059 , 0x206959d80
1060 , 0x206959da0
1061 , 0x206959dc0
1062 , 0x206959de0
1063 , 0x206959e00
1064 , 0x206959e20
1065 , 0x206959e40
1066 , 0x206959e60
1067 , 0x206959e80
1068 , 0x206959ea0
1069 , 0x206959ec0
1070 , 0x206959ee0
1071 , 0x206959f00
1072 , 0x206959f20
1073 , 0x206959f40
1074 , 0x206959f60
1075 , 0x206959f80
1076 , 0x206959fa0
1077 , 0x206959fc0
1078 , 0x206959fe0
1079 , 0x20695a000
1080 , 0x20695a020
1081 , 0x20695a040
1082 , 0x20695a060
1083 , 0x20695a080
1084 , 0x20695a0a0
1085 , 0x20695a0c0
1086 , 0x20695a0e0
1087 , 0x20695a100
704 , 0x206957120
705 , 0x206957140
706 , 0x206957160
707 , 0x206957180
708 , 0x2069571a0
709 , 0x2069571c0
710 , 0x2069571e0
711 , 0x206957200
712 , 0x206957220
713 , 0x206957240
714 , 0x206957260
715 , 0x206957280
716 , 0x2069572a0
717 , 0x2069572c0
718 , 0x2069572e0
719 , 0x206957300
720 , 0x206957320
721 , 0x206957340
722 , 0x206957360
723 , 0x206957380
724 , 0x2069573a0
725 , 0x2069573c0
726 , 0x2069573e0
727 , 0x206957400
728 , 0x206957420
729 , 0x206957440
730 , 0x206957460
731 , 0x206957480
732 , 0x2069574a0
733 , 0x2069574c0
734 , 0x2069574e0
735 , 0x206957500
512 , 0x206955920
513 , 0x206955940
514 , 0x206955960
515 , 0x206955980
516 , 0x2069559a0
517 , 0x2069559c0
518 , 0x2069559e0
519 , 0x206955a00
520 , 0x206955a20
521 , 0x206955a40
522 , 0x206955a60
523 , 0x206955a80
524 , 0x206955aa0
525 , 0x206955ac0
526 , 0x206955ae0
527 , 0x206955b00
528 , 0x206955b20
529 , 0x206955b40
530 , 0x206955b60
531 , 0x206955b80
532 , 0x206955ba0
533 , 0x206955bc0
534 , 0x206955be0
535 , 0x206955c00
536 , 0x206955c20
537 , 0x206955c40
538 , 0x206955c60
539 , 0x206955c80
540 , 0x206955ca0
541 , 0x206955cc0
542 , 0x206955ce0
543 , 0x206955d00
448 , 0x206955120
449 , 0x206955140
450 , 0x206955160
451 , 0x206955180
452 , 0x2069551a0
453 , 0x2069551c0
454 , 0x2069551e0
455 , 0x206955200
456 , 0x206955220
457 , 0x206955240
458 , 0x206955260
459 , 0x206955280
460 , 0x2069552a0
461 , 0x2069552c0
462 , 0x2069552e0
463 , 0x206955300
464 , 0x206955320
465 , 0x206955340
466 , 0x206955360
467 , 0x206955380
468 , 0x2069553a0
469 , 0x2069553c0
470 , 0x2069553e0
471 , 0x206955400
472 , 0x206955420
473 , 0x206955440
474 , 0x206955460
475 , 0x206955480
476 , 0x2069554a0
477 , 0x2069554c0
478 , 0x2069554e0
479 , 0x206955500
640 , 0x206956920
641 , 0x206956940
642 , 0x206956960
643 , 0x206956980
644 , 0x2069569a0
645 , 0x2069569c0
646 , 0x2069569e0
647 , 0x206956a00
648 , 0x206956a20
649 , 0x206956a40
650 , 0x206956a60
651 , 0x206956a80
652 , 0x206956aa0
653 , 0x206956ac0
654 , 0x206956ae0
655 , 0x206956b00
656 , 0x206956b20
657 , 0x206956b40
658 , 0x206956b60
659 , 0x206956b80
660 , 0x206956ba0
661 , 0x206956bc0
662 , 0x206956be0
663 , 0x206956c00
664 , 0x206956c20
665 , 0x206956c40
666 , 0x206956c60
667 , 0x206956c80
668 , 0x206956ca0
669 , 0x206956cc0
670 , 0x206956ce0
671 , 0x206956d00
320 , 0x206954120
321 , 0x206954140
322 , 0x206954160
323 , 0x206954180
324 , 0x2069541a0
325 , 0x2069541c0
326 , 0x2069541e0
327 , 0x206954200
328 , 0x206954220
329 , 0x206954240
330 , 0x206954260
331 , 0x206954280
332 , 0x2069542a0
333 , 0x2069542c0
334 , 0x2069542e0
335 , 0x206954300
336 , 0x206954320
337 , 0x206954340
338 , 0x206954360
339 , 0x206954380
340 , 0x2069543a0
341 , 0x2069543c0
342 , 0x2069543e0
343 , 0x206954400
344 , 0x206954420
345 , 0x206954440
346 , 0x206954460
347 , 0x206954480
348 , 0x2069544a0
349 , 0x2069544c0
350 , 0x2069544e0
351 , 0x206954500
736 , 0x206957520
737 , 0x206957540
738 , 0x206957560
739 , 0x206957580
740 , 0x2069575a0
741 , 0x2069575c0
742 , 0x2069575e0
743 , 0x206957600
744 , 0x206957620
745 , 0x206957640
746 , 0x206957660
747 , 0x206957680
748 , 0x2069576a0
749 , 0x2069576c0
750 , 0x2069576e0
751 , 0x206957700
752 , 0x206957720
753 , 0x206957740
754 , 0x206957760
755 , 0x206957780
756 , 0x2069577a0
757 , 0x2069577c0
758 , 0x2069577e0
759 , 0x206957800
760 , 0x206957820
761 , 0x206957840
762 , 0x206957860
763 , 0x206957880
764 , 0x2069578a0
765 , 0x2069578c0
766 , 0x2069578e0
767 , 0x206957900
256 , 0x206953920
257 , 0x206953940
258 , 0x206953960
259 , 0x206953980
260 , 0x2069539a0
261 , 0x2069539c0
262 , 0x2069539e0
263 , 0x206953a00
264 , 0x206953a20
265 , 0x206953a40
266 , 0x206953a60
267 , 0x206953a80
268 , 0x206953aa0
269 , 0x206953ac0
270 , 0x206953ae0
271 , 0x206953b00
272 , 0x206953b20
273 , 0x206953b40
274 , 0x206953b60
275 , 0x206953b80
276 , 0x206953ba0
277 , 0x206953bc0
278 , 0x206953be0
279 , 0x206953c00
280 , 0x206953c20
281 , 0x206953c40
282 , 0x206953c60
283 , 0x206953c80
284 , 0x206953ca0
285 , 0x206953cc0
286 , 0x206953ce0
287 , 0x206953d00
64 , 0x206952120
65 , 0x206952140
66 , 0x206952160
67 , 0x206952180
68 , 0x2069521a0
69 , 0x2069521c0
70 , 0x2069521e0
71 , 0x206952200
72 , 0x206952220
73 , 0x206952240
74 , 0x206952260
75 , 0x206952280
76 , 0x2069522a0
77 , 0x2069522c0
78 , 0x2069522e0
79 , 0x206952300
80 , 0x206952320
81 , 0x206952340
82 , 0x206952360
83 , 0x206952380
84 , 0x2069523a0
85 , 0x2069523c0
86 , 0x2069523e0
87 , 0x206952400
88 , 0x206952420
89 , 0x206952440
90 , 0x206952460
91 , 0x206952480
92 , 0x2069524a0
93 , 0x2069524c0
94 , 0x2069524e0
95 , 0x206952500
128 , 0x206952920
129 , 0x206952940
130 , 0x206952960
131 , 0x206952980
132 , 0x2069529a0
133 , 0x2069529c0
134 , 0x2069529e0
135 , 0x206952a00
136 , 0x206952a20
137 , 0x206952a40
138 , 0x206952a60
139 , 0x206952a80
140 , 0x206952aa0
141 , 0x206952ac0
142 , 0x206952ae0
143 , 0x206952b00
144 , 0x206952b20
145 , 0x206952b40
146 , 0x206952b60
147 , 0x206952b80
148 , 0x206952ba0
149 , 0x206952bc0
150 , 0x206952be0
151 , 0x206952c00
152 , 0x206952c20
153 , 0x206952c40
154 , 0x206952c60
155 , 0x206952c80
156 , 0x206952ca0
157 , 0x206952cc0
158 , 0x206952ce0
159 , 0x206952d00
416 , 0x206954d20
417 , 0x206954d40
418 , 0x206954d60
419 , 0x206954d80
420 , 0x206954da0
421 , 0x206954dc0
422 , 0x206954de0
423 , 0x206954e00
424 , 0x206954e20
425 , 0x206954e40
426 , 0x206954e60
427 , 0x206954e80
428 , 0x206954ea0
429 , 0x206954ec0
430 , 0x206954ee0
431 , 0x206954f00
432 , 0x206954f20
433 , 0x206954f40
434 , 0x206954f60
435 , 0x206954f80
436 , 0x206954fa0
437 , 0x206954fc0
438 , 0x206954fe0
439 , 0x206955000
440 , 0x206955020
441 , 0x206955040
442 , 0x206955060
443 , 0x206955080
444 , 0x2069550a0
445 , 0x2069550c0
446 , 0x2069550e0
447 , 0x206955100
160 , 0x206952d20
161 , 0x206952d40
162 , 0x206952d60
163 , 0x206952d80
164 , 0x206952da0
165 , 0x206952dc0
166 , 0x206952de0
167 , 0x206952e00
168 , 0x206952e20
169 , 0x206952e40
170 , 0x206952e60
171 , 0x206952e80
172 , 0x206952ea0
173 , 0x206952ec0
174 , 0x206952ee0
175 , 0x206952f00
176 , 0x206952f20
177 , 0x206952f40
178 , 0x206952f60
179 , 0x206952f80
180 , 0x206952fa0
181 , 0x206952fc0
182 , 0x206952fe0
183 , 0x206953000
184 , 0x206953020
185 , 0x206953040
186 , 0x206953060
187 , 0x206953080
188 , 0x2069530a0
189 , 0x2069530c0
190 , 0x2069530e0
191 , 0x206953100
32 , 0x206951d20
33 , 0x206951d40
34 , 0x206951d60
35 , 0x206951d80
36 , 0x206951da0
37 , 0x206951dc0
38 , 0x206951de0
39 , 0x206951e00
40 , 0x206951e20
41 , 0x206951e40
42 , 0x206951e60
43 , 0x206951e80
44 , 0x206951ea0
45 , 0x206951ec0
46 , 0x206951ee0
47 , 0x206951f00
48 , 0x206951f20
49 , 0x206951f40
50 , 0x206951f60
51 , 0x206951f80
52 , 0x206951fa0
53 , 0x206951fc0
54 , 0x206951fe0
55 , 0x206952000
56 , 0x206952020
57 , 0x206952040
58 , 0x206952060
59 , 0x206952080
60 , 0x2069520a0
61 , 0x2069520c0
62 , 0x2069520e0
63 , 0x206952100
cudaMalloc Execution time: 5 milliseconds
gpu_output_sum 58691584, cpu_sum 58691584 
PASSED
